{
  "RSpec": {
    "coverage": {
      "/home/ubuntu/Documents/hw3_rottenpotatoes/app/controllers/application_controller.rb": [
        1,
        1,
        null
      ],
      "/home/ubuntu/Documents/hw3_rottenpotatoes/app/helpers/application_helper.rb": [
        1,
        null
      ],
      "/home/ubuntu/Documents/hw3_rottenpotatoes/app/helpers/movies_helper.rb": [
        1,
        null,
        1,
        0,
        null,
        null
      ],
      "/home/ubuntu/Documents/hw3_rottenpotatoes/app/controllers/movies_controller.rb": [
        1,
        null,
        1,
        0,
        0,
        0,
        null,
        null,
        null,
        1,
        0,
        0,
        null,
        0,
        null,
        0,
        null,
        0,
        0,
        null,
        0,
        0,
        0,
        null,
        null,
        0,
        0,
        0,
        0,
        null,
        0,
        null,
        null,
        1,
        null,
        null,
        null,
        1,
        1,
        1,
        1,
        null,
        null,
        1,
        0,
        null,
        null,
        1,
        1,
        1,
        1,
        1,
        null,
        null,
        1,
        1,
        1,
        1,
        1,
        null,
        null,
        1,
        3,
        3,
        3,
        3,
        2,
        null,
        1,
        1,
        null,
        null,
        null,
        null
      ],
      "/home/ubuntu/Documents/hw3_rottenpotatoes/app/models/movie.rb": [
        1,
        1,
        0,
        null,
        null,
        1,
        0,
        null,
        null
      ]
    },
    "timestamp": 1361129653
  },
  "Cucumber Features": {
    "coverage": {
      "/home/ubuntu/Documents/hw3_rottenpotatoes/app/controllers/application_controller.rb": [
        1,
        1,
        null
      ],
      "/home/ubuntu/Documents/hw3_rottenpotatoes/app/helpers/application_helper.rb": [
        1,
        null
      ],
      "/home/ubuntu/Documents/hw3_rottenpotatoes/app/helpers/movies_helper.rb": [
        1,
        null,
        1,
        0,
        null,
        null
      ],
      "/home/ubuntu/Documents/hw3_rottenpotatoes/app/controllers/movies_controller.rb": [
        1,
        null,
        1,
        6,
        6,
        6,
        null,
        null,
        null,
        1,
        20,
        20,
        null,
        2,
        null,
        2,
        null,
        20,
        20,
        null,
        20,
        2,
        2,
        null,
        null,
        18,
        4,
        4,
        4,
        null,
        14,
        null,
        null,
        1,
        null,
        null,
        null,
        1,
        0,
        0,
        0,
        null,
        null,
        1,
        2,
        null,
        null,
        1,
        2,
        2,
        2,
        2,
        null,
        null,
        1,
        0,
        0,
        0,
        0,
        null,
        null,
        1,
        4,
        4,
        4,
        4,
        2,
        null,
        2,
        2,
        null,
        null,
        null,
        null
      ],
      "/home/ubuntu/Documents/hw3_rottenpotatoes/app/models/movie.rb": [
        1,
        1,
        20,
        null,
        null,
        1,
        2,
        null,
        null
      ]
    },
    "timestamp": 1361129673
  }
}
